0 info it worked if it ends with ok
1 verbose cli [ '/usr/bin/nodejs',
1 verbose cli   '/home/leduong/node_modules/.bin/npm',
1 verbose cli   'run',
1 verbose cli   'ghpage' ]
2 info using npm@3.10.10
3 info using node@v6.9.4
4 verbose run-script [ 'preghpage', 'ghpage', 'postghpage' ]
5 info lifecycle CoreDataStore@1.0.0~preghpage: CoreDataStore@1.0.0
6 silly lifecycle CoreDataStore@1.0.0~preghpage: no script for preghpage, continuing
7 info lifecycle CoreDataStore@1.0.0~ghpage: CoreDataStore@1.0.0
8 verbose lifecycle CoreDataStore@1.0.0~ghpage: unsafe-perm in lifecycle true
9 verbose lifecycle CoreDataStore@1.0.0~ghpage: PATH: /home/leduong/node_modules/npm/bin/node-gyp-bin:/home/leduong/Projects/Stuart Shay/CoreDataStore/src/CoreDataStore.Web/node_modules/.bin:/home/leduong/bin:/home/leduong/node_modules/.bin:/usr/local/sbin:/usr/local/bin:/usr/sbin:/usr/bin:/sbin:/bin:/usr/games:/usr/local/games:/snap/bin:/home/leduong/node_modules/.bin:/home/leduong/bin
10 verbose lifecycle CoreDataStore@1.0.0~ghpage: CWD: /home/leduong/Projects/Stuart Shay/CoreDataStore/src/CoreDataStore.Web
11 silly lifecycle CoreDataStore@1.0.0~ghpage: Args: [ '-c', 'gulp ghpage' ]
12 silly lifecycle CoreDataStore@1.0.0~ghpage: Returned: code: 1  signal: null
13 info lifecycle CoreDataStore@1.0.0~ghpage: Failed to exec ghpage script
14 verbose stack Error: CoreDataStore@1.0.0 ghpage: `gulp ghpage`
14 verbose stack Exit status 1
14 verbose stack     at EventEmitter.<anonymous> (/home/leduong/node_modules/npm/lib/utils/lifecycle.js:255:16)
14 verbose stack     at emitTwo (events.js:106:13)
14 verbose stack     at EventEmitter.emit (events.js:191:7)
14 verbose stack     at ChildProcess.<anonymous> (/home/leduong/node_modules/npm/lib/utils/spawn.js:40:14)
14 verbose stack     at emitTwo (events.js:106:13)
14 verbose stack     at ChildProcess.emit (events.js:191:7)
14 verbose stack     at maybeClose (internal/child_process.js:877:16)
14 verbose stack     at Process.ChildProcess._handle.onexit (internal/child_process.js:226:5)
15 verbose pkgid CoreDataStore@1.0.0
16 verbose cwd /home/leduong/Projects/Stuart Shay/CoreDataStore/src/CoreDataStore.Web/src
17 error Linux 4.4.0-57-generic
18 error argv "/usr/bin/nodejs" "/home/leduong/node_modules/.bin/npm" "run" "ghpage"
19 error node v6.9.4
20 error npm  v3.10.10
21 error code ELIFECYCLE
22 error CoreDataStore@1.0.0 ghpage: `gulp ghpage`
22 error Exit status 1
23 error Failed at the CoreDataStore@1.0.0 ghpage script 'gulp ghpage'.
23 error Make sure you have the latest version of node.js and npm installed.
23 error If you do, this is most likely a problem with the CoreDataStore package,
23 error not with npm itself.
23 error Tell the author that this fails on your system:
23 error     gulp ghpage
23 error You can get information on how to open an issue for this project with:
23 error     npm bugs CoreDataStore
23 error Or if that isn't available, you can get their info via:
23 error     npm owner ls CoreDataStore
23 error There is likely additional logging output above.
24 verbose exit [ 1, true ]
